c:\users\kimsm\desktop\github\problem-solving-methods\문해기 기말 총정리\문해기 기말 총정리\debug\vc142.pdb
c:\users\kimsm\desktop\github\problem-solving-methods\문해기 기말 총정리\문해기 기말 총정리\debug\vc142.idb
c:\users\kimsm\desktop\github\problem-solving-methods\문해기 기말 총정리\문해기 기말 총정리\debug\fileio lab1.obj
c:\users\kimsm\desktop\github\problem-solving-methods\문해기 기말 총정리\문해기 기말 총정리\debug\소스.obj
c:\users\kimsm\desktop\github\problem-solving-methods\문해기 기말 총정리\문해기 기말 총정리\debug\fileio lab_s.obj
c:\users\kimsm\desktop\github\problem-solving-methods\문해기 기말 총정리\문해기 기말 총정리\debug\fileio lab_h.obj
c:\users\kimsm\desktop\github\problem-solving-methods\문해기 기말 총정리\문해기 기말 총정리\debug\bitwise lab1.obj
c:\users\kimsm\desktop\github\problem-solving-methods\문해기 기말 총정리\문해기 기말 총정리\debug\bitwise lab2.obj
c:\users\kimsm\desktop\github\problem-solving-methods\문해기 기말 총정리\문해기 기말 총정리\debug\bitwise lab2 by char.obj
c:\users\kimsm\desktop\github\problem-solving-methods\문해기 기말 총정리\문해기 기말 총정리\debug\compression lab2.obj
c:\users\kimsm\desktop\github\problem-solving-methods\문해기 기말 총정리\문해기 기말 총정리\debug\compression lab1.obj
c:\users\kimsm\desktop\github\problem-solving-methods\문해기 기말 총정리\문해기 기말 총정리\debug\linked list lab1.obj
c:\users\kimsm\desktop\github\problem-solving-methods\문해기 기말 총정리\문해기 기말 총정리\debug\stack lab1.obj
c:\users\kimsm\desktop\github\problem-solving-methods\문해기 기말 총정리\문해기 기말 총정리\debug\file io exercise2.obj
c:\users\kimsm\desktop\github\problem-solving-methods\문해기 기말 총정리\문해기 기말 총정리\debug\queue lab2.obj
c:\users\kimsm\desktop\github\problem-solving-methods\문해기 기말 총정리\debug\문해기 기말 총정리.exe
c:\users\kimsm\desktop\github\problem-solving-methods\문해기 기말 총정리\debug\문해기 기말 총정리.ilk
c:\users\kimsm\desktop\github\problem-solving-methods\문해기 기말 총정리\debug\문해기 기말 총정리.pdb
c:\users\kimsm\desktop\github\problem-solving-methods\문해기 기말 총정리\문해기 기말 총정리\debug\문해기 기말 총정리.tlog\cl.command.1.tlog
c:\users\kimsm\desktop\github\problem-solving-methods\문해기 기말 총정리\문해기 기말 총정리\debug\문해기 기말 총정리.tlog\cl.read.1.tlog
c:\users\kimsm\desktop\github\problem-solving-methods\문해기 기말 총정리\문해기 기말 총정리\debug\문해기 기말 총정리.tlog\cl.write.1.tlog
c:\users\kimsm\desktop\github\problem-solving-methods\문해기 기말 총정리\문해기 기말 총정리\debug\문해기 기말 총정리.tlog\link.command.1.tlog
c:\users\kimsm\desktop\github\problem-solving-methods\문해기 기말 총정리\문해기 기말 총정리\debug\문해기 기말 총정리.tlog\link.read.1.tlog
c:\users\kimsm\desktop\github\problem-solving-methods\문해기 기말 총정리\문해기 기말 총정리\debug\문해기 기말 총정리.tlog\link.write.1.tlog
