c:\users\kimsm\source\repos\문해기 1117\문해기 1117\debug\vc142.pdb
c:\users\kimsm\source\repos\문해기 1117\문해기 1117\debug\vc142.idb
c:\users\kimsm\source\repos\문해기 1117\문해기 1117\debug\lab2.obj
c:\users\kimsm\source\repos\문해기 1117\문해기 1117\debug\lab1_2.obj
c:\users\kimsm\source\repos\문해기 1117\문해기 1117\debug\lab1.obj
c:\users\kimsm\source\repos\문해기 1117\문해기 1117\debug\exercise6.obj
c:\users\kimsm\source\repos\문해기 1117\문해기 1117\debug\exercise5.obj
c:\users\kimsm\source\repos\문해기 1117\문해기 1117\debug\exercise4.obj
c:\users\kimsm\source\repos\문해기 1117\문해기 1117\debug\exercise3.obj
c:\users\kimsm\source\repos\문해기 1117\문해기 1117\debug\exercise2.obj
c:\users\kimsm\source\repos\문해기 1117\문해기 1117\debug\exercise1.obj
c:\users\kimsm\source\repos\문해기 1117\debug\문해기 1117.ilk
c:\users\kimsm\source\repos\문해기 1117\debug\문해기 1117.exe
c:\users\kimsm\source\repos\문해기 1117\debug\문해기 1117.pdb
c:\users\kimsm\source\repos\문해기 1117\문해기 1117\debug\문해기 1117.tlog\cl.command.1.tlog
c:\users\kimsm\source\repos\문해기 1117\문해기 1117\debug\문해기 1117.tlog\cl.read.1.tlog
c:\users\kimsm\source\repos\문해기 1117\문해기 1117\debug\문해기 1117.tlog\cl.write.1.tlog
c:\users\kimsm\source\repos\문해기 1117\문해기 1117\debug\문해기 1117.tlog\link.command.1.tlog
c:\users\kimsm\source\repos\문해기 1117\문해기 1117\debug\문해기 1117.tlog\link.read.1.tlog
c:\users\kimsm\source\repos\문해기 1117\문해기 1117\debug\문해기 1117.tlog\link.write.1.tlog
